{"C:\\Users\\mufee\\Documents\\GitHub\\af-2-IT22320896\\backend\\src\\controllers\\authController.js": {"path":"C:\\Users\\mufee\\Documents\\GitHub\\af-2-IT22320896\\backend\\src\\controllers\\authController.js","statementMap":{"0":{"start":{"line":1,"column":13},"end":{"line":1,"column":38}},"1":{"start":{"line":6,"column":0},"end":{"line":43,"column":2}},"2":{"start":{"line":7,"column":2},"end":{"line":42,"column":3}},"3":{"start":{"line":8,"column":42},"end":{"line":8,"column":50}},"4":{"start":{"line":11,"column":27},"end":{"line":11,"column":56}},"5":{"start":{"line":12,"column":4},"end":{"line":17,"column":5}},"6":{"start":{"line":13,"column":6},"end":{"line":16,"column":9}},"7":{"start":{"line":20,"column":27},"end":{"line":20,"column":59}},"8":{"start":{"line":21,"column":4},"end":{"line":26,"column":5}},"9":{"start":{"line":22,"column":6},"end":{"line":25,"column":9}},"10":{"start":{"line":29,"column":17},"end":{"line":33,"column":6}},"11":{"start":{"line":35,"column":4},"end":{"line":35,"column":38}},"12":{"start":{"line":37,"column":4},"end":{"line":41,"column":7}},"13":{"start":{"line":48,"column":0},"end":{"line":87,"column":2}},"14":{"start":{"line":49,"column":2},"end":{"line":86,"column":3}},"15":{"start":{"line":50,"column":32},"end":{"line":50,"column":40}},"16":{"start":{"line":53,"column":4},"end":{"line":58,"column":5}},"17":{"start":{"line":54,"column":6},"end":{"line":57,"column":9}},"18":{"start":{"line":61,"column":17},"end":{"line":61,"column":66}},"19":{"start":{"line":62,"column":4},"end":{"line":67,"column":5}},"20":{"start":{"line":63,"column":6},"end":{"line":66,"column":9}},"21":{"start":{"line":70,"column":20},"end":{"line":70,"column":54}},"22":{"start":{"line":72,"column":4},"end":{"line":77,"column":5}},"23":{"start":{"line":73,"column":6},"end":{"line":76,"column":9}},"24":{"start":{"line":79,"column":4},"end":{"line":79,"column":38}},"25":{"start":{"line":81,"column":4},"end":{"line":85,"column":7}},"26":{"start":{"line":92,"column":0},"end":{"line":107,"column":2}},"27":{"start":{"line":93,"column":2},"end":{"line":106,"column":3}},"28":{"start":{"line":94,"column":17},"end":{"line":94,"column":49}},"29":{"start":{"line":96,"column":4},"end":{"line":99,"column":7}},"30":{"start":{"line":101,"column":4},"end":{"line":105,"column":7}},"31":{"start":{"line":112,"column":0},"end":{"line":117,"column":2}},"32":{"start":{"line":113,"column":2},"end":{"line":116,"column":5}},"33":{"start":{"line":120,"column":26},"end":{"line":133,"column":1}},"34":{"start":{"line":122,"column":16},"end":{"line":122,"column":40}},"35":{"start":{"line":124,"column":2},"end":{"line":132,"column":5}}},"fnMap":{"0":{"name":"(anonymous_0)","decl":{"start":{"line":6,"column":19},"end":{"line":6,"column":20}},"loc":{"start":{"line":6,"column":39},"end":{"line":43,"column":1}},"line":6},"1":{"name":"(anonymous_1)","decl":{"start":{"line":48,"column":16},"end":{"line":48,"column":17}},"loc":{"start":{"line":48,"column":36},"end":{"line":87,"column":1}},"line":48},"2":{"name":"(anonymous_2)","decl":{"start":{"line":92,"column":16},"end":{"line":92,"column":17}},"loc":{"start":{"line":92,"column":36},"end":{"line":107,"column":1}},"line":92},"3":{"name":"(anonymous_3)","decl":{"start":{"line":112,"column":17},"end":{"line":112,"column":18}},"loc":{"start":{"line":112,"column":37},"end":{"line":117,"column":1}},"line":112},"4":{"name":"(anonymous_4)","decl":{"start":{"line":120,"column":26},"end":{"line":120,"column":27}},"loc":{"start":{"line":120,"column":53},"end":{"line":133,"column":1}},"line":120}},"branchMap":{"0":{"loc":{"start":{"line":12,"column":4},"end":{"line":17,"column":5}},"type":"if","locations":[{"start":{"line":12,"column":4},"end":{"line":17,"column":5}},{"start":{},"end":{}}],"line":12},"1":{"loc":{"start":{"line":21,"column":4},"end":{"line":26,"column":5}},"type":"if","locations":[{"start":{"line":21,"column":4},"end":{"line":26,"column":5}},{"start":{},"end":{}}],"line":21},"2":{"loc":{"start":{"line":53,"column":4},"end":{"line":58,"column":5}},"type":"if","locations":[{"start":{"line":53,"column":4},"end":{"line":58,"column":5}},{"start":{},"end":{}}],"line":53},"3":{"loc":{"start":{"line":53,"column":8},"end":{"line":53,"column":27}},"type":"binary-expr","locations":[{"start":{"line":53,"column":8},"end":{"line":53,"column":14}},{"start":{"line":53,"column":18},"end":{"line":53,"column":27}}],"line":53},"4":{"loc":{"start":{"line":62,"column":4},"end":{"line":67,"column":5}},"type":"if","locations":[{"start":{"line":62,"column":4},"end":{"line":67,"column":5}},{"start":{},"end":{}}],"line":62},"5":{"loc":{"start":{"line":72,"column":4},"end":{"line":77,"column":5}},"type":"if","locations":[{"start":{"line":72,"column":4},"end":{"line":77,"column":5}},{"start":{},"end":{}}],"line":72}},"s":{"0":2,"1":2,"2":6,"3":6,"4":6,"5":6,"6":1,"7":5,"8":5,"9":0,"10":5,"11":5,"12":0,"13":2,"14":2,"15":2,"16":2,"17":0,"18":2,"19":2,"20":0,"21":2,"22":2,"23":1,"24":1,"25":0,"26":2,"27":1,"28":1,"29":1,"30":0,"31":2,"32":0,"33":2,"34":6,"35":6},"f":{"0":6,"1":2,"2":1,"3":0,"4":6},"b":{"0":[1,5],"1":[0,5],"2":[0,2],"3":[2,2],"4":[0,2],"5":[1,1]},"_coverageSchema":"1a1c01bbd47fc00a2c39e90264f33305004495a9","hash":"3b779c5bf21a67c92a6581dc246ae6db5d7ecf5b"}
,"C:\\Users\\mufee\\Documents\\GitHub\\af-2-IT22320896\\backend\\src\\controllers\\favoriteController.js": {"path":"C:\\Users\\mufee\\Documents\\GitHub\\af-2-IT22320896\\backend\\src\\controllers\\favoriteController.js","statementMap":{"0":{"start":{"line":1,"column":13},"end":{"line":1,"column":38}},"1":{"start":{"line":6,"column":0},"end":{"line":42,"column":2}},"2":{"start":{"line":7,"column":2},"end":{"line":41,"column":3}},"3":{"start":{"line":8,"column":28},"end":{"line":8,"column":36}},"4":{"start":{"line":10,"column":4},"end":{"line":15,"column":5}},"5":{"start":{"line":11,"column":6},"end":{"line":14,"column":9}},"6":{"start":{"line":18,"column":17},"end":{"line":18,"column":49}},"7":{"start":{"line":21,"column":4},"end":{"line":26,"column":5}},"8":{"start":{"line":22,"column":6},"end":{"line":25,"column":9}},"9":{"start":{"line":28,"column":4},"end":{"line":28,"column":37}},"10":{"start":{"line":29,"column":4},"end":{"line":29,"column":22}},"11":{"start":{"line":31,"column":4},"end":{"line":34,"column":7}},"12":{"start":{"line":36,"column":4},"end":{"line":40,"column":7}},"13":{"start":{"line":47,"column":0},"end":{"line":77,"column":2}},"14":{"start":{"line":48,"column":2},"end":{"line":76,"column":3}},"15":{"start":{"line":49,"column":28},"end":{"line":49,"column":38}},"16":{"start":{"line":52,"column":17},"end":{"line":52,"column":49}},"17":{"start":{"line":55,"column":4},"end":{"line":60,"column":5}},"18":{"start":{"line":56,"column":6},"end":{"line":59,"column":9}},"19":{"start":{"line":63,"column":4},"end":{"line":63,"column":73}},"20":{"start":{"line":63,"column":51},"end":{"line":63,"column":71}},"21":{"start":{"line":64,"column":4},"end":{"line":64,"column":22}},"22":{"start":{"line":66,"column":4},"end":{"line":69,"column":7}},"23":{"start":{"line":71,"column":4},"end":{"line":75,"column":7}},"24":{"start":{"line":82,"column":0},"end":{"line":97,"column":2}},"25":{"start":{"line":83,"column":2},"end":{"line":96,"column":3}},"26":{"start":{"line":84,"column":17},"end":{"line":84,"column":49}},"27":{"start":{"line":86,"column":4},"end":{"line":89,"column":7}},"28":{"start":{"line":91,"column":4},"end":{"line":95,"column":7}}},"fnMap":{"0":{"name":"(anonymous_0)","decl":{"start":{"line":6,"column":22},"end":{"line":6,"column":23}},"loc":{"start":{"line":6,"column":42},"end":{"line":42,"column":1}},"line":6},"1":{"name":"(anonymous_1)","decl":{"start":{"line":47,"column":25},"end":{"line":47,"column":26}},"loc":{"start":{"line":47,"column":45},"end":{"line":77,"column":1}},"line":47},"2":{"name":"(anonymous_2)","decl":{"start":{"line":63,"column":43},"end":{"line":63,"column":44}},"loc":{"start":{"line":63,"column":51},"end":{"line":63,"column":71}},"line":63},"3":{"name":"(anonymous_3)","decl":{"start":{"line":82,"column":23},"end":{"line":82,"column":24}},"loc":{"start":{"line":82,"column":43},"end":{"line":97,"column":1}},"line":82}},"branchMap":{"0":{"loc":{"start":{"line":10,"column":4},"end":{"line":15,"column":5}},"type":"if","locations":[{"start":{"line":10,"column":4},"end":{"line":15,"column":5}},{"start":{},"end":{}}],"line":10},"1":{"loc":{"start":{"line":21,"column":4},"end":{"line":26,"column":5}},"type":"if","locations":[{"start":{"line":21,"column":4},"end":{"line":26,"column":5}},{"start":{},"end":{}}],"line":21},"2":{"loc":{"start":{"line":55,"column":4},"end":{"line":60,"column":5}},"type":"if","locations":[{"start":{"line":55,"column":4},"end":{"line":60,"column":5}},{"start":{},"end":{}}],"line":55}},"s":{"0":2,"1":2,"2":3,"3":3,"4":3,"5":0,"6":3,"7":3,"8":1,"9":2,"10":2,"11":2,"12":0,"13":2,"14":2,"15":2,"16":2,"17":2,"18":1,"19":1,"20":2,"21":1,"22":1,"23":0,"24":2,"25":1,"26":1,"27":1,"28":0},"f":{"0":3,"1":2,"2":2,"3":1},"b":{"0":[0,3],"1":[1,2],"2":[1,1]},"_coverageSchema":"1a1c01bbd47fc00a2c39e90264f33305004495a9","hash":"125c50e64b5ddd1506b536401767da20153c6950"}
,"C:\\Users\\mufee\\Documents\\GitHub\\af-2-IT22320896\\backend\\src\\middlewares\\auth.js": {"path":"C:\\Users\\mufee\\Documents\\GitHub\\af-2-IT22320896\\backend\\src\\middlewares\\auth.js","statementMap":{"0":{"start":{"line":1,"column":12},"end":{"line":1,"column":35}},"1":{"start":{"line":2,"column":13},"end":{"line":2,"column":38}},"2":{"start":{"line":5,"column":0},"end":{"line":36,"column":2}},"3":{"start":{"line":8,"column":2},"end":{"line":14,"column":3}},"4":{"start":{"line":13,"column":4},"end":{"line":13,"column":52}},"5":{"start":{"line":17,"column":2},"end":{"line":22,"column":3}},"6":{"start":{"line":18,"column":4},"end":{"line":21,"column":7}},"7":{"start":{"line":24,"column":2},"end":{"line":35,"column":3}},"8":{"start":{"line":26,"column":20},"end":{"line":26,"column":61}},"9":{"start":{"line":28,"column":4},"end":{"line":28,"column":47}},"10":{"start":{"line":29,"column":4},"end":{"line":29,"column":11}},"11":{"start":{"line":31,"column":4},"end":{"line":34,"column":7}}},"fnMap":{"0":{"name":"(anonymous_0)","decl":{"start":{"line":5,"column":18},"end":{"line":5,"column":19}},"loc":{"start":{"line":5,"column":44},"end":{"line":36,"column":1}},"line":5}},"branchMap":{"0":{"loc":{"start":{"line":8,"column":2},"end":{"line":14,"column":3}},"type":"if","locations":[{"start":{"line":8,"column":2},"end":{"line":14,"column":3}},{"start":{},"end":{}}],"line":8},"1":{"loc":{"start":{"line":9,"column":4},"end":{"line":10,"column":50}},"type":"binary-expr","locations":[{"start":{"line":9,"column":4},"end":{"line":9,"column":29}},{"start":{"line":10,"column":4},"end":{"line":10,"column":50}}],"line":9},"2":{"loc":{"start":{"line":17,"column":2},"end":{"line":22,"column":3}},"type":"if","locations":[{"start":{"line":17,"column":2},"end":{"line":22,"column":3}},{"start":{},"end":{}}],"line":17}},"s":{"0":2,"1":2,"2":2,"3":11,"4":7,"5":11,"6":4,"7":7,"8":7,"9":7,"10":7,"11":0},"f":{"0":11},"b":{"0":[7,4],"1":[11,7],"2":[4,7]},"_coverageSchema":"1a1c01bbd47fc00a2c39e90264f33305004495a9","hash":"d5643c1700854f214849a633d41e21623364eb3a"}
,"C:\\Users\\mufee\\Documents\\GitHub\\af-2-IT22320896\\backend\\src\\middlewares\\rateLimiter.js": {"path":"C:\\Users\\mufee\\Documents\\GitHub\\af-2-IT22320896\\backend\\src\\middlewares\\rateLimiter.js","statementMap":{"0":{"start":{"line":1,"column":18},"end":{"line":1,"column":47}},"1":{"start":{"line":4,"column":16},"end":{"line":8,"column":2}},"2":{"start":{"line":10,"column":0},"end":{"line":10,"column":25}}},"fnMap":{},"branchMap":{},"s":{"0":2,"1":2,"2":2},"f":{},"b":{},"_coverageSchema":"1a1c01bbd47fc00a2c39e90264f33305004495a9","hash":"552f64c69a7a03055f830efb04cdf3bb2fcf0a38"}
,"C:\\Users\\mufee\\Documents\\GitHub\\af-2-IT22320896\\backend\\src\\models\\User.js": {"path":"C:\\Users\\mufee\\Documents\\GitHub\\af-2-IT22320896\\backend\\src\\models\\User.js","statementMap":{"0":{"start":{"line":1,"column":17},"end":{"line":1,"column":36}},"1":{"start":{"line":2,"column":15},"end":{"line":2,"column":32}},"2":{"start":{"line":3,"column":12},"end":{"line":3,"column":35}},"3":{"start":{"line":5,"column":19},"end":{"line":33,"column":2}},"4":{"start":{"line":36,"column":0},"end":{"line":42,"column":3}},"5":{"start":{"line":37,"column":2},"end":{"line":39,"column":3}},"6":{"start":{"line":38,"column":4},"end":{"line":38,"column":11}},"7":{"start":{"line":40,"column":15},"end":{"line":40,"column":39}},"8":{"start":{"line":41,"column":2},"end":{"line":41,"column":57}},"9":{"start":{"line":45,"column":0},"end":{"line":51,"column":2}},"10":{"start":{"line":46,"column":2},"end":{"line":50,"column":4}},"11":{"start":{"line":54,"column":0},"end":{"line":56,"column":2}},"12":{"start":{"line":55,"column":2},"end":{"line":55,"column":62}},"13":{"start":{"line":58,"column":0},"end":{"line":58,"column":52}}},"fnMap":{"0":{"name":"(anonymous_0)","decl":{"start":{"line":36,"column":23},"end":{"line":36,"column":24}},"loc":{"start":{"line":36,"column":44},"end":{"line":42,"column":1}},"line":36},"1":{"name":"(anonymous_1)","decl":{"start":{"line":45,"column":39},"end":{"line":45,"column":40}},"loc":{"start":{"line":45,"column":50},"end":{"line":51,"column":1}},"line":45},"2":{"name":"(anonymous_2)","decl":{"start":{"line":54,"column":35},"end":{"line":54,"column":36}},"loc":{"start":{"line":54,"column":67},"end":{"line":56,"column":1}},"line":54}},"branchMap":{"0":{"loc":{"start":{"line":37,"column":2},"end":{"line":39,"column":3}},"type":"if","locations":[{"start":{"line":37,"column":2},"end":{"line":39,"column":3}},{"start":{},"end":{}}],"line":37}},"s":{"0":2,"1":2,"2":2,"3":2,"4":2,"5":9,"6":3,"7":9,"8":9,"9":2,"10":6,"11":2,"12":2,"13":2},"f":{"0":9,"1":6,"2":2},"b":{"0":[3,6]},"_coverageSchema":"1a1c01bbd47fc00a2c39e90264f33305004495a9","hash":"ab39fbed5957ecbdd24163ad0607e2247eaf3371"}
,"C:\\Users\\mufee\\Documents\\GitHub\\af-2-IT22320896\\backend\\src\\routes\\authRoutes.js": {"path":"C:\\Users\\mufee\\Documents\\GitHub\\af-2-IT22320896\\backend\\src\\routes\\authRoutes.js","statementMap":{"0":{"start":{"line":1,"column":16},"end":{"line":1,"column":34}},"1":{"start":{"line":2,"column":43},"end":{"line":2,"column":83}},"2":{"start":{"line":3,"column":20},"end":{"line":3,"column":50}},"3":{"start":{"line":5,"column":15},"end":{"line":5,"column":31}},"4":{"start":{"line":7,"column":0},"end":{"line":7,"column":35}},"5":{"start":{"line":8,"column":0},"end":{"line":8,"column":29}},"6":{"start":{"line":9,"column":0},"end":{"line":9,"column":34}},"7":{"start":{"line":10,"column":0},"end":{"line":10,"column":39}},"8":{"start":{"line":12,"column":0},"end":{"line":12,"column":24}}},"fnMap":{},"branchMap":{},"s":{"0":2,"1":2,"2":2,"3":2,"4":2,"5":2,"6":2,"7":2,"8":2},"f":{},"b":{},"_coverageSchema":"1a1c01bbd47fc00a2c39e90264f33305004495a9","hash":"96dbf8f2f812cb699505700f22b83351101f17af"}
,"C:\\Users\\mufee\\Documents\\GitHub\\af-2-IT22320896\\backend\\src\\routes\\favoriteRoutes.js": {"path":"C:\\Users\\mufee\\Documents\\GitHub\\af-2-IT22320896\\backend\\src\\routes\\favoriteRoutes.js","statementMap":{"0":{"start":{"line":1,"column":16},"end":{"line":1,"column":34}},"1":{"start":{"line":6,"column":4},"end":{"line":6,"column":48}},"2":{"start":{"line":7,"column":20},"end":{"line":7,"column":50}},"3":{"start":{"line":9,"column":15},"end":{"line":9,"column":31}},"4":{"start":{"line":12,"column":0},"end":{"line":12,"column":20}},"5":{"start":{"line":14,"column":0},"end":{"line":14,"column":54}},"6":{"start":{"line":16,"column":0},"end":{"line":16,"column":47}},"7":{"start":{"line":18,"column":0},"end":{"line":18,"column":24}}},"fnMap":{},"branchMap":{},"s":{"0":2,"1":2,"2":2,"3":2,"4":2,"5":2,"6":2,"7":2},"f":{},"b":{},"_coverageSchema":"1a1c01bbd47fc00a2c39e90264f33305004495a9","hash":"b68ef236ef6754da8d839e12dbe66d2c7651c5be"}
}
