TN:
SF:src\controllers\authController.js
FN:6,(anonymous_0)
FN:48,(anonymous_1)
FN:92,(anonymous_2)
FN:112,(anonymous_3)
FN:120,(anonymous_4)
FNF:5
FNH:4
FNDA:6,(anonymous_0)
FNDA:2,(anonymous_1)
FNDA:1,(anonymous_2)
FNDA:0,(anonymous_3)
FNDA:6,(anonymous_4)
DA:1,2
DA:6,2
DA:7,6
DA:8,6
DA:11,6
DA:12,6
DA:13,1
DA:20,5
DA:21,5
DA:22,0
DA:29,5
DA:35,5
DA:37,0
DA:48,2
DA:49,2
DA:50,2
DA:53,2
DA:54,0
DA:61,2
DA:62,2
DA:63,0
DA:70,2
DA:72,2
DA:73,1
DA:79,1
DA:81,0
DA:92,2
DA:93,1
DA:94,1
DA:96,1
DA:101,0
DA:112,2
DA:113,0
DA:120,2
DA:122,6
DA:124,6
LF:36
LH:29
BRDA:12,0,0,1
BRDA:12,0,1,5
BRDA:21,1,0,0
BRDA:21,1,1,5
BRDA:53,2,0,0
BRDA:53,2,1,2
BRDA:53,3,0,2
BRDA:53,3,1,2
BRDA:62,4,0,0
BRDA:62,4,1,2
BRDA:72,5,0,1
BRDA:72,5,1,1
BRF:12
BRH:9
end_of_record
TN:
SF:src\controllers\favoriteController.js
FN:6,(anonymous_0)
FN:47,(anonymous_1)
FN:63,(anonymous_2)
FN:82,(anonymous_3)
FNF:4
FNH:4
FNDA:3,(anonymous_0)
FNDA:2,(anonymous_1)
FNDA:2,(anonymous_2)
FNDA:1,(anonymous_3)
DA:1,2
DA:6,2
DA:7,3
DA:8,3
DA:10,3
DA:11,0
DA:18,3
DA:21,3
DA:22,1
DA:28,2
DA:29,2
DA:31,2
DA:36,0
DA:47,2
DA:48,2
DA:49,2
DA:52,2
DA:55,2
DA:56,1
DA:63,2
DA:64,1
DA:66,1
DA:71,0
DA:82,2
DA:83,1
DA:84,1
DA:86,1
DA:91,0
LF:28
LH:24
BRDA:10,0,0,0
BRDA:10,0,1,3
BRDA:21,1,0,1
BRDA:21,1,1,2
BRDA:55,2,0,1
BRDA:55,2,1,1
BRF:6
BRH:5
end_of_record
TN:
SF:src\middlewares\auth.js
FN:5,(anonymous_0)
FNF:1
FNH:1
FNDA:11,(anonymous_0)
DA:1,2
DA:2,2
DA:5,2
DA:8,11
DA:13,7
DA:17,11
DA:18,4
DA:24,7
DA:26,7
DA:28,7
DA:29,7
DA:31,0
LF:12
LH:11
BRDA:8,0,0,7
BRDA:8,0,1,4
BRDA:9,1,0,11
BRDA:9,1,1,7
BRDA:17,2,0,4
BRDA:17,2,1,7
BRF:6
BRH:6
end_of_record
TN:
SF:src\middlewares\rateLimiter.js
FNF:0
FNH:0
DA:1,2
DA:4,2
DA:10,2
LF:3
LH:3
BRF:0
BRH:0
end_of_record
TN:
SF:src\models\User.js
FN:36,(anonymous_0)
FN:45,(anonymous_1)
FN:54,(anonymous_2)
FNF:3
FNH:3
FNDA:9,(anonymous_0)
FNDA:6,(anonymous_1)
FNDA:2,(anonymous_2)
DA:1,2
DA:2,2
DA:3,2
DA:5,2
DA:36,2
DA:37,9
DA:38,3
DA:40,9
DA:41,9
DA:45,2
DA:46,6
DA:54,2
DA:55,2
DA:58,2
LF:14
LH:14
BRDA:37,0,0,3
BRDA:37,0,1,6
BRF:2
BRH:2
end_of_record
TN:
SF:src\routes\authRoutes.js
FNF:0
FNH:0
DA:1,2
DA:2,2
DA:3,2
DA:5,2
DA:7,2
DA:8,2
DA:9,2
DA:10,2
DA:12,2
LF:9
LH:9
BRF:0
BRH:0
end_of_record
TN:
SF:src\routes\favoriteRoutes.js
FNF:0
FNH:0
DA:1,2
DA:6,2
DA:7,2
DA:9,2
DA:12,2
DA:14,2
DA:16,2
DA:18,2
LF:8
LH:8
BRF:0
BRH:0
end_of_record
